21:09:46 **** Build of configuration Default for project OpenCV Sample - face-detection ****
"\\ndk-build.cmd" 
Cannot run program "\ndk-build.cmd": Launching failed

Error: Program "\ndk-build.cmd" not found in PATH
PATH=[C:\Program Files\Common Files\Microsoft Shared\Windows Live;C:\Program Files (x86)\Common Files\Microsoft Shared\Windows Live;C:\WinAVR-20100110\bin;C:\WinAVR-20100110\utils\bin;C:\oraclexe\app\oracle\product\11.2.0\server\bin;C:\Windows\system32;C:\Windows;C:\Windows\System32\Wbem;C:\Windows\System32\WindowsPowerShell\v1.0\;c:\Program Files (x86)\Microsoft SQL Server\90\Tools\binn\;c:\Program Files (x86)\Microsoft SQL Server\100\Tools\Binn\;c:\Program Files\Microsoft SQL Server\100\Tools\Binn\;c:\Program Files\Microsoft SQL Server\100\DTS\Binn\;c:\Program Files (x86)\Microsoft SQL Server\100\Tools\Binn\VSShell\Common7\IDE\;c:\Program Files (x86)\Microsoft SQL Server\100\DTS\Binn\;C:\Program Files (x86)\Common Files\Adobe\AGL;C:\Program Files (x86)\QuickTime\QTSystem\;C:\Program Files\MATLAB\R2010a\runtime\win64;C:\Program Files\MATLAB\R2010a\bin;C:\Program Files\Microsoft\Web Platform Installer\;C:\Program Files (x86)\Windows Live\Shared;C:\Program Files (x86)\Git\cmd;c:\Program Files (x86)\Microsoft ASP.NET\ASP.NET Web Pages\v1.0\]
21:09:47 **** Build of configuration Default for project OpenCV Tutorial 4 - Mix Java+Native OpenCV ****
"\\ndk-build.cmd" 
Cannot run program "\ndk-build.cmd": Launching failed

Error: Program "\ndk-build.cmd" not found in PATH
PATH=[C:\Program Files\Common Files\Microsoft Shared\Windows Live;C:\Program Files (x86)\Common Files\Microsoft Shared\Windows Live;C:\WinAVR-20100110\bin;C:\WinAVR-20100110\utils\bin;C:\oraclexe\app\oracle\product\11.2.0\server\bin;C:\Windows\system32;C:\Windows;C:\Windows\System32\Wbem;C:\Windows\System32\WindowsPowerShell\v1.0\;c:\Program Files (x86)\Microsoft SQL Server\90\Tools\binn\;c:\Program Files (x86)\Microsoft SQL Server\100\Tools\Binn\;c:\Program Files\Microsoft SQL Server\100\Tools\Binn\;c:\Program Files\Microsoft SQL Server\100\DTS\Binn\;c:\Program Files (x86)\Microsoft SQL Server\100\Tools\Binn\VSShell\Common7\IDE\;c:\Program Files (x86)\Microsoft SQL Server\100\DTS\Binn\;C:\Program Files (x86)\Common Files\Adobe\AGL;C:\Program Files (x86)\QuickTime\QTSystem\;C:\Program Files\MATLAB\R2010a\runtime\win64;C:\Program Files\MATLAB\R2010a\bin;C:\Program Files\Microsoft\Web Platform Installer\;C:\Program Files (x86)\Windows Live\Shared;C:\Program Files (x86)\Git\cmd;c:\Program Files (x86)\Microsoft ASP.NET\ASP.NET Web Pages\v1.0\]
21:09:47 **** Build of configuration Default for project OpenCV Tutorial 3 - Add Native OpenCV ****
"\\ndk-build.cmd" 
Cannot run program "\ndk-build.cmd": Launching failed

Error: Program "\ndk-build.cmd" not found in PATH
PATH=[C:\Program Files\Common Files\Microsoft Shared\Windows Live;C:\Program Files (x86)\Common Files\Microsoft Shared\Windows Live;C:\WinAVR-20100110\bin;C:\WinAVR-20100110\utils\bin;C:\oraclexe\app\oracle\product\11.2.0\server\bin;C:\Windows\system32;C:\Windows;C:\Windows\System32\Wbem;C:\Windows\System32\WindowsPowerShell\v1.0\;c:\Program Files (x86)\Microsoft SQL Server\90\Tools\binn\;c:\Program Files (x86)\Microsoft SQL Server\100\Tools\Binn\;c:\Program Files\Microsoft SQL Server\100\Tools\Binn\;c:\Program Files\Microsoft SQL Server\100\DTS\Binn\;c:\Program Files (x86)\Microsoft SQL Server\100\Tools\Binn\VSShell\Common7\IDE\;c:\Program Files (x86)\Microsoft SQL Server\100\DTS\Binn\;C:\Program Files (x86)\Common Files\Adobe\AGL;C:\Program Files (x86)\QuickTime\QTSystem\;C:\Program Files\MATLAB\R2010a\runtime\win64;C:\Program Files\MATLAB\R2010a\bin;C:\Program Files\Microsoft\Web Platform Installer\;C:\Program Files (x86)\Windows Live\Shared;C:\Program Files (x86)\Git\cmd;c:\Program Files (x86)\Microsoft ASP.NET\ASP.NET Web Pages\v1.0\]
21:09:49 **** Build of configuration Default for project OpenCV Sample - face-detection ****
"\\ndk-build.cmd" 
Cannot run program "\ndk-build.cmd": Launching failed

Error: Program "\ndk-build.cmd" not found in PATH
PATH=[C:\Program Files\Common Files\Microsoft Shared\Windows Live;C:\Program Files (x86)\Common Files\Microsoft Shared\Windows Live;C:\WinAVR-20100110\bin;C:\WinAVR-20100110\utils\bin;C:\oraclexe\app\oracle\product\11.2.0\server\bin;C:\Windows\system32;C:\Windows;C:\Windows\System32\Wbem;C:\Windows\System32\WindowsPowerShell\v1.0\;c:\Program Files (x86)\Microsoft SQL Server\90\Tools\binn\;c:\Program Files (x86)\Microsoft SQL Server\100\Tools\Binn\;c:\Program Files\Microsoft SQL Server\100\Tools\Binn\;c:\Program Files\Microsoft SQL Server\100\DTS\Binn\;c:\Program Files (x86)\Microsoft SQL Server\100\Tools\Binn\VSShell\Common7\IDE\;c:\Program Files (x86)\Microsoft SQL Server\100\DTS\Binn\;C:\Program Files (x86)\Common Files\Adobe\AGL;C:\Program Files (x86)\QuickTime\QTSystem\;C:\Program Files\MATLAB\R2010a\runtime\win64;C:\Program Files\MATLAB\R2010a\bin;C:\Program Files\Microsoft\Web Platform Installer\;C:\Program Files (x86)\Windows Live\Shared;C:\Program Files (x86)\Git\cmd;c:\Program Files (x86)\Microsoft ASP.NET\ASP.NET Web Pages\v1.0\]
21:09:50 **** Auto Build of configuration Default for project OpenCV Sample - face-detection ****
"\\ndk-build.cmd" 
Cannot run program "\ndk-build.cmd": Launching failed

Error: Program "\ndk-build.cmd" not found in PATH
PATH=[C:\Program Files\Common Files\Microsoft Shared\Windows Live;C:\Program Files (x86)\Common Files\Microsoft Shared\Windows Live;C:\WinAVR-20100110\bin;C:\WinAVR-20100110\utils\bin;C:\oraclexe\app\oracle\product\11.2.0\server\bin;C:\Windows\system32;C:\Windows;C:\Windows\System32\Wbem;C:\Windows\System32\WindowsPowerShell\v1.0\;c:\Program Files (x86)\Microsoft SQL Server\90\Tools\binn\;c:\Program Files (x86)\Microsoft SQL Server\100\Tools\Binn\;c:\Program Files\Microsoft SQL Server\100\Tools\Binn\;c:\Program Files\Microsoft SQL Server\100\DTS\Binn\;c:\Program Files (x86)\Microsoft SQL Server\100\Tools\Binn\VSShell\Common7\IDE\;c:\Program Files (x86)\Microsoft SQL Server\100\DTS\Binn\;C:\Program Files (x86)\Common Files\Adobe\AGL;C:\Program Files (x86)\QuickTime\QTSystem\;C:\Program Files\MATLAB\R2010a\runtime\win64;C:\Program Files\MATLAB\R2010a\bin;C:\Program Files\Microsoft\Web Platform Installer\;C:\Program Files (x86)\Windows Live\Shared;C:\Program Files (x86)\Git\cmd;c:\Program Files (x86)\Microsoft ASP.NET\ASP.NET Web Pages\v1.0\]
21:09:51 **** Build of configuration Default for project OpenCV Tutorial 3 - Add Native OpenCV ****
"\\ndk-build.cmd" 
Cannot run program "\ndk-build.cmd": Launching failed

Error: Program "\ndk-build.cmd" not found in PATH
PATH=[C:\Program Files\Common Files\Microsoft Shared\Windows Live;C:\Program Files (x86)\Common Files\Microsoft Shared\Windows Live;C:\WinAVR-20100110\bin;C:\WinAVR-20100110\utils\bin;C:\oraclexe\app\oracle\product\11.2.0\server\bin;C:\Windows\system32;C:\Windows;C:\Windows\System32\Wbem;C:\Windows\System32\WindowsPowerShell\v1.0\;c:\Program Files (x86)\Microsoft SQL Server\90\Tools\binn\;c:\Program Files (x86)\Microsoft SQL Server\100\Tools\Binn\;c:\Program Files\Microsoft SQL Server\100\Tools\Binn\;c:\Program Files\Microsoft SQL Server\100\DTS\Binn\;c:\Program Files (x86)\Microsoft SQL Server\100\Tools\Binn\VSShell\Common7\IDE\;c:\Program Files (x86)\Microsoft SQL Server\100\DTS\Binn\;C:\Program Files (x86)\Common Files\Adobe\AGL;C:\Program Files (x86)\QuickTime\QTSystem\;C:\Program Files\MATLAB\R2010a\runtime\win64;C:\Program Files\MATLAB\R2010a\bin;C:\Program Files\Microsoft\Web Platform Installer\;C:\Program Files (x86)\Windows Live\Shared;C:\Program Files (x86)\Git\cmd;c:\Program Files (x86)\Microsoft ASP.NET\ASP.NET Web Pages\v1.0\]
21:09:51 **** Build of configuration Default for project OpenCV Tutorial 4 - Mix Java+Native OpenCV ****
"\\ndk-build.cmd" 
Cannot run program "\ndk-build.cmd": Launching failed

Error: Program "\ndk-build.cmd" not found in PATH
PATH=[C:\Program Files\Common Files\Microsoft Shared\Windows Live;C:\Program Files (x86)\Common Files\Microsoft Shared\Windows Live;C:\WinAVR-20100110\bin;C:\WinAVR-20100110\utils\bin;C:\oraclexe\app\oracle\product\11.2.0\server\bin;C:\Windows\system32;C:\Windows;C:\Windows\System32\Wbem;C:\Windows\System32\WindowsPowerShell\v1.0\;c:\Program Files (x86)\Microsoft SQL Server\90\Tools\binn\;c:\Program Files (x86)\Microsoft SQL Server\100\Tools\Binn\;c:\Program Files\Microsoft SQL Server\100\Tools\Binn\;c:\Program Files\Microsoft SQL Server\100\DTS\Binn\;c:\Program Files (x86)\Microsoft SQL Server\100\Tools\Binn\VSShell\Common7\IDE\;c:\Program Files (x86)\Microsoft SQL Server\100\DTS\Binn\;C:\Program Files (x86)\Common Files\Adobe\AGL;C:\Program Files (x86)\QuickTime\QTSystem\;C:\Program Files\MATLAB\R2010a\runtime\win64;C:\Program Files\MATLAB\R2010a\bin;C:\Program Files\Microsoft\Web Platform Installer\;C:\Program Files (x86)\Windows Live\Shared;C:\Program Files (x86)\Git\cmd;c:\Program Files (x86)\Microsoft ASP.NET\ASP.NET Web Pages\v1.0\]
21:09:54 **** Auto Build of configuration Default for project OpenCV Tutorial 3 - Add Native OpenCV ****
"\\ndk-build.cmd" 
Cannot run program "\ndk-build.cmd": Launching failed

Error: Program "\ndk-build.cmd" not found in PATH
PATH=[C:\Program Files\Common Files\Microsoft Shared\Windows Live;C:\Program Files (x86)\Common Files\Microsoft Shared\Windows Live;C:\WinAVR-20100110\bin;C:\WinAVR-20100110\utils\bin;C:\oraclexe\app\oracle\product\11.2.0\server\bin;C:\Windows\system32;C:\Windows;C:\Windows\System32\Wbem;C:\Windows\System32\WindowsPowerShell\v1.0\;c:\Program Files (x86)\Microsoft SQL Server\90\Tools\binn\;c:\Program Files (x86)\Microsoft SQL Server\100\Tools\Binn\;c:\Program Files\Microsoft SQL Server\100\Tools\Binn\;c:\Program Files\Microsoft SQL Server\100\DTS\Binn\;c:\Program Files (x86)\Microsoft SQL Server\100\Tools\Binn\VSShell\Common7\IDE\;c:\Program Files (x86)\Microsoft SQL Server\100\DTS\Binn\;C:\Program Files (x86)\Common Files\Adobe\AGL;C:\Program Files (x86)\QuickTime\QTSystem\;C:\Program Files\MATLAB\R2010a\runtime\win64;C:\Program Files\MATLAB\R2010a\bin;C:\Program Files\Microsoft\Web Platform Installer\;C:\Program Files (x86)\Windows Live\Shared;C:\Program Files (x86)\Git\cmd;c:\Program Files (x86)\Microsoft ASP.NET\ASP.NET Web Pages\v1.0\]
21:09:54 **** Auto Build of configuration Default for project OpenCV Tutorial 4 - Mix Java+Native OpenCV ****
"\\ndk-build.cmd" 
Cannot run program "\ndk-build.cmd": Launching failed

Error: Program "\ndk-build.cmd" not found in PATH
PATH=[C:\Program Files\Common Files\Microsoft Shared\Windows Live;C:\Program Files (x86)\Common Files\Microsoft Shared\Windows Live;C:\WinAVR-20100110\bin;C:\WinAVR-20100110\utils\bin;C:\oraclexe\app\oracle\product\11.2.0\server\bin;C:\Windows\system32;C:\Windows;C:\Windows\System32\Wbem;C:\Windows\System32\WindowsPowerShell\v1.0\;c:\Program Files (x86)\Microsoft SQL Server\90\Tools\binn\;c:\Program Files (x86)\Microsoft SQL Server\100\Tools\Binn\;c:\Program Files\Microsoft SQL Server\100\Tools\Binn\;c:\Program Files\Microsoft SQL Server\100\DTS\Binn\;c:\Program Files (x86)\Microsoft SQL Server\100\Tools\Binn\VSShell\Common7\IDE\;c:\Program Files (x86)\Microsoft SQL Server\100\DTS\Binn\;C:\Program Files (x86)\Common Files\Adobe\AGL;C:\Program Files (x86)\QuickTime\QTSystem\;C:\Program Files\MATLAB\R2010a\runtime\win64;C:\Program Files\MATLAB\R2010a\bin;C:\Program Files\Microsoft\Web Platform Installer\;C:\Program Files (x86)\Windows Live\Shared;C:\Program Files (x86)\Git\cmd;c:\Program Files (x86)\Microsoft ASP.NET\ASP.NET Web Pages\v1.0\]
21:10:08 **** Build of configuration Default for project OpenCV Sample - face-detection ****
"\\ndk-build.cmd" 
Cannot run program "\ndk-build.cmd": Launching failed

Error: Program "\ndk-build.cmd" not found in PATH
PATH=[C:\Program Files\Common Files\Microsoft Shared\Windows Live;C:\Program Files (x86)\Common Files\Microsoft Shared\Windows Live;C:\WinAVR-20100110\bin;C:\WinAVR-20100110\utils\bin;C:\oraclexe\app\oracle\product\11.2.0\server\bin;C:\Windows\system32;C:\Windows;C:\Windows\System32\Wbem;C:\Windows\System32\WindowsPowerShell\v1.0\;c:\Program Files (x86)\Microsoft SQL Server\90\Tools\binn\;c:\Program Files (x86)\Microsoft SQL Server\100\Tools\Binn\;c:\Program Files\Microsoft SQL Server\100\Tools\Binn\;c:\Program Files\Microsoft SQL Server\100\DTS\Binn\;c:\Program Files (x86)\Microsoft SQL Server\100\Tools\Binn\VSShell\Common7\IDE\;c:\Program Files (x86)\Microsoft SQL Server\100\DTS\Binn\;C:\Program Files (x86)\Common Files\Adobe\AGL;C:\Program Files (x86)\QuickTime\QTSystem\;C:\Program Files\MATLAB\R2010a\runtime\win64;C:\Program Files\MATLAB\R2010a\bin;C:\Program Files\Microsoft\Web Platform Installer\;C:\Program Files (x86)\Windows Live\Shared;C:\Program Files (x86)\Git\cmd;c:\Program Files (x86)\Microsoft ASP.NET\ASP.NET Web Pages\v1.0\]
21:10:09 **** Build of configuration Default for project OpenCV Tutorial 3 - Add Native OpenCV ****
"\\ndk-build.cmd" 
Cannot run program "\ndk-build.cmd": Launching failed

Error: Program "\ndk-build.cmd" not found in PATH
PATH=[C:\Program Files\Common Files\Microsoft Shared\Windows Live;C:\Program Files (x86)\Common Files\Microsoft Shared\Windows Live;C:\WinAVR-20100110\bin;C:\WinAVR-20100110\utils\bin;C:\oraclexe\app\oracle\product\11.2.0\server\bin;C:\Windows\system32;C:\Windows;C:\Windows\System32\Wbem;C:\Windows\System32\WindowsPowerShell\v1.0\;c:\Program Files (x86)\Microsoft SQL Server\90\Tools\binn\;c:\Program Files (x86)\Microsoft SQL Server\100\Tools\Binn\;c:\Program Files\Microsoft SQL Server\100\Tools\Binn\;c:\Program Files\Microsoft SQL Server\100\DTS\Binn\;c:\Program Files (x86)\Microsoft SQL Server\100\Tools\Binn\VSShell\Common7\IDE\;c:\Program Files (x86)\Microsoft SQL Server\100\DTS\Binn\;C:\Program Files (x86)\Common Files\Adobe\AGL;C:\Program Files (x86)\QuickTime\QTSystem\;C:\Program Files\MATLAB\R2010a\runtime\win64;C:\Program Files\MATLAB\R2010a\bin;C:\Program Files\Microsoft\Web Platform Installer\;C:\Program Files (x86)\Windows Live\Shared;C:\Program Files (x86)\Git\cmd;c:\Program Files (x86)\Microsoft ASP.NET\ASP.NET Web Pages\v1.0\]
21:10:09 **** Build of configuration Default for project OpenCV Tutorial 4 - Mix Java+Native OpenCV ****
"\\ndk-build.cmd" 
Cannot run program "\ndk-build.cmd": Launching failed

Error: Program "\ndk-build.cmd" not found in PATH
PATH=[C:\Program Files\Common Files\Microsoft Shared\Windows Live;C:\Program Files (x86)\Common Files\Microsoft Shared\Windows Live;C:\WinAVR-20100110\bin;C:\WinAVR-20100110\utils\bin;C:\oraclexe\app\oracle\product\11.2.0\server\bin;C:\Windows\system32;C:\Windows;C:\Windows\System32\Wbem;C:\Windows\System32\WindowsPowerShell\v1.0\;c:\Program Files (x86)\Microsoft SQL Server\90\Tools\binn\;c:\Program Files (x86)\Microsoft SQL Server\100\Tools\Binn\;c:\Program Files\Microsoft SQL Server\100\Tools\Binn\;c:\Program Files\Microsoft SQL Server\100\DTS\Binn\;c:\Program Files (x86)\Microsoft SQL Server\100\Tools\Binn\VSShell\Common7\IDE\;c:\Program Files (x86)\Microsoft SQL Server\100\DTS\Binn\;C:\Program Files (x86)\Common Files\Adobe\AGL;C:\Program Files (x86)\QuickTime\QTSystem\;C:\Program Files\MATLAB\R2010a\runtime\win64;C:\Program Files\MATLAB\R2010a\bin;C:\Program Files\Microsoft\Web Platform Installer\;C:\Program Files (x86)\Windows Live\Shared;C:\Program Files (x86)\Git\cmd;c:\Program Files (x86)\Microsoft ASP.NET\ASP.NET Web Pages\v1.0\]
21:11:07 **** Auto Build of configuration Default for project OpenCV Sample - face-detection ****
"\\ndk-build.cmd" 
Cannot run program "\ndk-build.cmd": Launching failed

Error: Program "\ndk-build.cmd" not found in PATH
PATH=[C:\Program Files\Common Files\Microsoft Shared\Windows Live;C:\Program Files (x86)\Common Files\Microsoft Shared\Windows Live;C:\WinAVR-20100110\bin;C:\WinAVR-20100110\utils\bin;C:\oraclexe\app\oracle\product\11.2.0\server\bin;C:\Windows\system32;C:\Windows;C:\Windows\System32\Wbem;C:\Windows\System32\WindowsPowerShell\v1.0\;c:\Program Files (x86)\Microsoft SQL Server\90\Tools\binn\;c:\Program Files (x86)\Microsoft SQL Server\100\Tools\Binn\;c:\Program Files\Microsoft SQL Server\100\Tools\Binn\;c:\Program Files\Microsoft SQL Server\100\DTS\Binn\;c:\Program Files (x86)\Microsoft SQL Server\100\Tools\Binn\VSShell\Common7\IDE\;c:\Program Files (x86)\Microsoft SQL Server\100\DTS\Binn\;C:\Program Files (x86)\Common Files\Adobe\AGL;C:\Program Files (x86)\QuickTime\QTSystem\;C:\Program Files\MATLAB\R2010a\runtime\win64;C:\Program Files\MATLAB\R2010a\bin;C:\Program Files\Microsoft\Web Platform Installer\;C:\Program Files (x86)\Windows Live\Shared;C:\Program Files (x86)\Git\cmd;c:\Program Files (x86)\Microsoft ASP.NET\ASP.NET Web Pages\v1.0\]
21:11:07 **** Auto Build of configuration Default for project OpenCV Tutorial 3 - Add Native OpenCV ****
"\\ndk-build.cmd" 
Cannot run program "\ndk-build.cmd": Launching failed

Error: Program "\ndk-build.cmd" not found in PATH
PATH=[C:\Program Files\Common Files\Microsoft Shared\Windows Live;C:\Program Files (x86)\Common Files\Microsoft Shared\Windows Live;C:\WinAVR-20100110\bin;C:\WinAVR-20100110\utils\bin;C:\oraclexe\app\oracle\product\11.2.0\server\bin;C:\Windows\system32;C:\Windows;C:\Windows\System32\Wbem;C:\Windows\System32\WindowsPowerShell\v1.0\;c:\Program Files (x86)\Microsoft SQL Server\90\Tools\binn\;c:\Program Files (x86)\Microsoft SQL Server\100\Tools\Binn\;c:\Program Files\Microsoft SQL Server\100\Tools\Binn\;c:\Program Files\Microsoft SQL Server\100\DTS\Binn\;c:\Program Files (x86)\Microsoft SQL Server\100\Tools\Binn\VSShell\Common7\IDE\;c:\Program Files (x86)\Microsoft SQL Server\100\DTS\Binn\;C:\Program Files (x86)\Common Files\Adobe\AGL;C:\Program Files (x86)\QuickTime\QTSystem\;C:\Program Files\MATLAB\R2010a\runtime\win64;C:\Program Files\MATLAB\R2010a\bin;C:\Program Files\Microsoft\Web Platform Installer\;C:\Program Files (x86)\Windows Live\Shared;C:\Program Files (x86)\Git\cmd;c:\Program Files (x86)\Microsoft ASP.NET\ASP.NET Web Pages\v1.0\]
21:11:07 **** Auto Build of configuration Default for project OpenCV Tutorial 4 - Mix Java+Native OpenCV ****
"\\ndk-build.cmd" 
Cannot run program "\ndk-build.cmd": Launching failed

Error: Program "\ndk-build.cmd" not found in PATH
PATH=[C:\Program Files\Common Files\Microsoft Shared\Windows Live;C:\Program Files (x86)\Common Files\Microsoft Shared\Windows Live;C:\WinAVR-20100110\bin;C:\WinAVR-20100110\utils\bin;C:\oraclexe\app\oracle\product\11.2.0\server\bin;C:\Windows\system32;C:\Windows;C:\Windows\System32\Wbem;C:\Windows\System32\WindowsPowerShell\v1.0\;c:\Program Files (x86)\Microsoft SQL Server\90\Tools\binn\;c:\Program Files (x86)\Microsoft SQL Server\100\Tools\Binn\;c:\Program Files\Microsoft SQL Server\100\Tools\Binn\;c:\Program Files\Microsoft SQL Server\100\DTS\Binn\;c:\Program Files (x86)\Microsoft SQL Server\100\Tools\Binn\VSShell\Common7\IDE\;c:\Program Files (x86)\Microsoft SQL Server\100\DTS\Binn\;C:\Program Files (x86)\Common Files\Adobe\AGL;C:\Program Files (x86)\QuickTime\QTSystem\;C:\Program Files\MATLAB\R2010a\runtime\win64;C:\Program Files\MATLAB\R2010a\bin;C:\Program Files\Microsoft\Web Platform Installer\;C:\Program Files (x86)\Windows Live\Shared;C:\Program Files (x86)\Git\cmd;c:\Program Files (x86)\Microsoft ASP.NET\ASP.NET Web Pages\v1.0\]
21:11:08 **** Auto Build of configuration Default for project OpenCV Sample - face-detection ****
"\\ndk-build.cmd" 
Cannot run program "\ndk-build.cmd": Launching failed

Error: Program "\ndk-build.cmd" not found in PATH
PATH=[C:\Program Files\Common Files\Microsoft Shared\Windows Live;C:\Program Files (x86)\Common Files\Microsoft Shared\Windows Live;C:\WinAVR-20100110\bin;C:\WinAVR-20100110\utils\bin;C:\oraclexe\app\oracle\product\11.2.0\server\bin;C:\Windows\system32;C:\Windows;C:\Windows\System32\Wbem;C:\Windows\System32\WindowsPowerShell\v1.0\;c:\Program Files (x86)\Microsoft SQL Server\90\Tools\binn\;c:\Program Files (x86)\Microsoft SQL Server\100\Tools\Binn\;c:\Program Files\Microsoft SQL Server\100\Tools\Binn\;c:\Program Files\Microsoft SQL Server\100\DTS\Binn\;c:\Program Files (x86)\Microsoft SQL Server\100\Tools\Binn\VSShell\Common7\IDE\;c:\Program Files (x86)\Microsoft SQL Server\100\DTS\Binn\;C:\Program Files (x86)\Common Files\Adobe\AGL;C:\Program Files (x86)\QuickTime\QTSystem\;C:\Program Files\MATLAB\R2010a\runtime\win64;C:\Program Files\MATLAB\R2010a\bin;C:\Program Files\Microsoft\Web Platform Installer\;C:\Program Files (x86)\Windows Live\Shared;C:\Program Files (x86)\Git\cmd;c:\Program Files (x86)\Microsoft ASP.NET\ASP.NET Web Pages\v1.0\]
21:11:08 **** Auto Build of configuration Default for project OpenCV Tutorial 3 - Add Native OpenCV ****
"\\ndk-build.cmd" 
Cannot run program "\ndk-build.cmd": Launching failed

Error: Program "\ndk-build.cmd" not found in PATH
PATH=[C:\Program Files\Common Files\Microsoft Shared\Windows Live;C:\Program Files (x86)\Common Files\Microsoft Shared\Windows Live;C:\WinAVR-20100110\bin;C:\WinAVR-20100110\utils\bin;C:\oraclexe\app\oracle\product\11.2.0\server\bin;C:\Windows\system32;C:\Windows;C:\Windows\System32\Wbem;C:\Windows\System32\WindowsPowerShell\v1.0\;c:\Program Files (x86)\Microsoft SQL Server\90\Tools\binn\;c:\Program Files (x86)\Microsoft SQL Server\100\Tools\Binn\;c:\Program Files\Microsoft SQL Server\100\Tools\Binn\;c:\Program Files\Microsoft SQL Server\100\DTS\Binn\;c:\Program Files (x86)\Microsoft SQL Server\100\Tools\Binn\VSShell\Common7\IDE\;c:\Program Files (x86)\Microsoft SQL Server\100\DTS\Binn\;C:\Program Files (x86)\Common Files\Adobe\AGL;C:\Program Files (x86)\QuickTime\QTSystem\;C:\Program Files\MATLAB\R2010a\runtime\win64;C:\Program Files\MATLAB\R2010a\bin;C:\Program Files\Microsoft\Web Platform Installer\;C:\Program Files (x86)\Windows Live\Shared;C:\Program Files (x86)\Git\cmd;c:\Program Files (x86)\Microsoft ASP.NET\ASP.NET Web Pages\v1.0\]
21:11:09 **** Auto Build of configuration Default for project OpenCV Tutorial 4 - Mix Java+Native OpenCV ****
"\\ndk-build.cmd" 
Cannot run program "\ndk-build.cmd": Launching failed

Error: Program "\ndk-build.cmd" not found in PATH
PATH=[C:\Program Files\Common Files\Microsoft Shared\Windows Live;C:\Program Files (x86)\Common Files\Microsoft Shared\Windows Live;C:\WinAVR-20100110\bin;C:\WinAVR-20100110\utils\bin;C:\oraclexe\app\oracle\product\11.2.0\server\bin;C:\Windows\system32;C:\Windows;C:\Windows\System32\Wbem;C:\Windows\System32\WindowsPowerShell\v1.0\;c:\Program Files (x86)\Microsoft SQL Server\90\Tools\binn\;c:\Program Files (x86)\Microsoft SQL Server\100\Tools\Binn\;c:\Program Files\Microsoft SQL Server\100\Tools\Binn\;c:\Program Files\Microsoft SQL Server\100\DTS\Binn\;c:\Program Files (x86)\Microsoft SQL Server\100\Tools\Binn\VSShell\Common7\IDE\;c:\Program Files (x86)\Microsoft SQL Server\100\DTS\Binn\;C:\Program Files (x86)\Common Files\Adobe\AGL;C:\Program Files (x86)\QuickTime\QTSystem\;C:\Program Files\MATLAB\R2010a\runtime\win64;C:\Program Files\MATLAB\R2010a\bin;C:\Program Files\Microsoft\Web Platform Installer\;C:\Program Files (x86)\Windows Live\Shared;C:\Program Files (x86)\Git\cmd;c:\Program Files (x86)\Microsoft ASP.NET\ASP.NET Web Pages\v1.0\]
21:11:12 **** Auto Build of configuration Default for project OpenCV Sample - face-detection ****
"\\ndk-build.cmd" 
Cannot run program "\ndk-build.cmd": Launching failed

Error: Program "\ndk-build.cmd" not found in PATH
PATH=[C:\Program Files\Common Files\Microsoft Shared\Windows Live;C:\Program Files (x86)\Common Files\Microsoft Shared\Windows Live;C:\WinAVR-20100110\bin;C:\WinAVR-20100110\utils\bin;C:\oraclexe\app\oracle\product\11.2.0\server\bin;C:\Windows\system32;C:\Windows;C:\Windows\System32\Wbem;C:\Windows\System32\WindowsPowerShell\v1.0\;c:\Program Files (x86)\Microsoft SQL Server\90\Tools\binn\;c:\Program Files (x86)\Microsoft SQL Server\100\Tools\Binn\;c:\Program Files\Microsoft SQL Server\100\Tools\Binn\;c:\Program Files\Microsoft SQL Server\100\DTS\Binn\;c:\Program Files (x86)\Microsoft SQL Server\100\Tools\Binn\VSShell\Common7\IDE\;c:\Program Files (x86)\Microsoft SQL Server\100\DTS\Binn\;C:\Program Files (x86)\Common Files\Adobe\AGL;C:\Program Files (x86)\QuickTime\QTSystem\;C:\Program Files\MATLAB\R2010a\runtime\win64;C:\Program Files\MATLAB\R2010a\bin;C:\Program Files\Microsoft\Web Platform Installer\;C:\Program Files (x86)\Windows Live\Shared;C:\Program Files (x86)\Git\cmd;c:\Program Files (x86)\Microsoft ASP.NET\ASP.NET Web Pages\v1.0\]
21:11:13 **** Auto Build of configuration Default for project OpenCV Tutorial 3 - Add Native OpenCV ****
"\\ndk-build.cmd" 
Cannot run program "\ndk-build.cmd": Launching failed

Error: Program "\ndk-build.cmd" not found in PATH
PATH=[C:\Program Files\Common Files\Microsoft Shared\Windows Live;C:\Program Files (x86)\Common Files\Microsoft Shared\Windows Live;C:\WinAVR-20100110\bin;C:\WinAVR-20100110\utils\bin;C:\oraclexe\app\oracle\product\11.2.0\server\bin;C:\Windows\system32;C:\Windows;C:\Windows\System32\Wbem;C:\Windows\System32\WindowsPowerShell\v1.0\;c:\Program Files (x86)\Microsoft SQL Server\90\Tools\binn\;c:\Program Files (x86)\Microsoft SQL Server\100\Tools\Binn\;c:\Program Files\Microsoft SQL Server\100\Tools\Binn\;c:\Program Files\Microsoft SQL Server\100\DTS\Binn\;c:\Program Files (x86)\Microsoft SQL Server\100\Tools\Binn\VSShell\Common7\IDE\;c:\Program Files (x86)\Microsoft SQL Server\100\DTS\Binn\;C:\Program Files (x86)\Common Files\Adobe\AGL;C:\Program Files (x86)\QuickTime\QTSystem\;C:\Program Files\MATLAB\R2010a\runtime\win64;C:\Program Files\MATLAB\R2010a\bin;C:\Program Files\Microsoft\Web Platform Installer\;C:\Program Files (x86)\Windows Live\Shared;C:\Program Files (x86)\Git\cmd;c:\Program Files (x86)\Microsoft ASP.NET\ASP.NET Web Pages\v1.0\]
21:11:13 **** Auto Build of configuration Default for project OpenCV Tutorial 4 - Mix Java+Native OpenCV ****
"\\ndk-build.cmd" 
Cannot run program "\ndk-build.cmd": Launching failed

Error: Program "\ndk-build.cmd" not found in PATH
PATH=[C:\Program Files\Common Files\Microsoft Shared\Windows Live;C:\Program Files (x86)\Common Files\Microsoft Shared\Windows Live;C:\WinAVR-20100110\bin;C:\WinAVR-20100110\utils\bin;C:\oraclexe\app\oracle\product\11.2.0\server\bin;C:\Windows\system32;C:\Windows;C:\Windows\System32\Wbem;C:\Windows\System32\WindowsPowerShell\v1.0\;c:\Program Files (x86)\Microsoft SQL Server\90\Tools\binn\;c:\Program Files (x86)\Microsoft SQL Server\100\Tools\Binn\;c:\Program Files\Microsoft SQL Server\100\Tools\Binn\;c:\Program Files\Microsoft SQL Server\100\DTS\Binn\;c:\Program Files (x86)\Microsoft SQL Server\100\Tools\Binn\VSShell\Common7\IDE\;c:\Program Files (x86)\Microsoft SQL Server\100\DTS\Binn\;C:\Program Files (x86)\Common Files\Adobe\AGL;C:\Program Files (x86)\QuickTime\QTSystem\;C:\Program Files\MATLAB\R2010a\runtime\win64;C:\Program Files\MATLAB\R2010a\bin;C:\Program Files\Microsoft\Web Platform Installer\;C:\Program Files (x86)\Windows Live\Shared;C:\Program Files (x86)\Git\cmd;c:\Program Files (x86)\Microsoft ASP.NET\ASP.NET Web Pages\v1.0\]
21:11:14 **** Auto Build of configuration Default for project OpenCV Sample - face-detection ****
"\\ndk-build.cmd" 
Cannot run program "\ndk-build.cmd": Launching failed

Error: Program "\ndk-build.cmd" not found in PATH
PATH=[C:\Program Files\Common Files\Microsoft Shared\Windows Live;C:\Program Files (x86)\Common Files\Microsoft Shared\Windows Live;C:\WinAVR-20100110\bin;C:\WinAVR-20100110\utils\bin;C:\oraclexe\app\oracle\product\11.2.0\server\bin;C:\Windows\system32;C:\Windows;C:\Windows\System32\Wbem;C:\Windows\System32\WindowsPowerShell\v1.0\;c:\Program Files (x86)\Microsoft SQL Server\90\Tools\binn\;c:\Program Files (x86)\Microsoft SQL Server\100\Tools\Binn\;c:\Program Files\Microsoft SQL Server\100\Tools\Binn\;c:\Program Files\Microsoft SQL Server\100\DTS\Binn\;c:\Program Files (x86)\Microsoft SQL Server\100\Tools\Binn\VSShell\Common7\IDE\;c:\Program Files (x86)\Microsoft SQL Server\100\DTS\Binn\;C:\Program Files (x86)\Common Files\Adobe\AGL;C:\Program Files (x86)\QuickTime\QTSystem\;C:\Program Files\MATLAB\R2010a\runtime\win64;C:\Program Files\MATLAB\R2010a\bin;C:\Program Files\Microsoft\Web Platform Installer\;C:\Program Files (x86)\Windows Live\Shared;C:\Program Files (x86)\Git\cmd;c:\Program Files (x86)\Microsoft ASP.NET\ASP.NET Web Pages\v1.0\]
21:11:15 **** Auto Build of configuration Default for project OpenCV Tutorial 3 - Add Native OpenCV ****
"\\ndk-build.cmd" 
Cannot run program "\ndk-build.cmd": Launching failed

Error: Program "\ndk-build.cmd" not found in PATH
PATH=[C:\Program Files\Common Files\Microsoft Shared\Windows Live;C:\Program Files (x86)\Common Files\Microsoft Shared\Windows Live;C:\WinAVR-20100110\bin;C:\WinAVR-20100110\utils\bin;C:\oraclexe\app\oracle\product\11.2.0\server\bin;C:\Windows\system32;C:\Windows;C:\Windows\System32\Wbem;C:\Windows\System32\WindowsPowerShell\v1.0\;c:\Program Files (x86)\Microsoft SQL Server\90\Tools\binn\;c:\Program Files (x86)\Microsoft SQL Server\100\Tools\Binn\;c:\Program Files\Microsoft SQL Server\100\Tools\Binn\;c:\Program Files\Microsoft SQL Server\100\DTS\Binn\;c:\Program Files (x86)\Microsoft SQL Server\100\Tools\Binn\VSShell\Common7\IDE\;c:\Program Files (x86)\Microsoft SQL Server\100\DTS\Binn\;C:\Program Files (x86)\Common Files\Adobe\AGL;C:\Program Files (x86)\QuickTime\QTSystem\;C:\Program Files\MATLAB\R2010a\runtime\win64;C:\Program Files\MATLAB\R2010a\bin;C:\Program Files\Microsoft\Web Platform Installer\;C:\Program Files (x86)\Windows Live\Shared;C:\Program Files (x86)\Git\cmd;c:\Program Files (x86)\Microsoft ASP.NET\ASP.NET Web Pages\v1.0\]
21:11:15 **** Auto Build of configuration Default for project OpenCV Tutorial 4 - Mix Java+Native OpenCV ****
"\\ndk-build.cmd" 
Cannot run program "\ndk-build.cmd": Launching failed

Error: Program "\ndk-build.cmd" not found in PATH
PATH=[C:\Program Files\Common Files\Microsoft Shared\Windows Live;C:\Program Files (x86)\Common Files\Microsoft Shared\Windows Live;C:\WinAVR-20100110\bin;C:\WinAVR-20100110\utils\bin;C:\oraclexe\app\oracle\product\11.2.0\server\bin;C:\Windows\system32;C:\Windows;C:\Windows\System32\Wbem;C:\Windows\System32\WindowsPowerShell\v1.0\;c:\Program Files (x86)\Microsoft SQL Server\90\Tools\binn\;c:\Program Files (x86)\Microsoft SQL Server\100\Tools\Binn\;c:\Program Files\Microsoft SQL Server\100\Tools\Binn\;c:\Program Files\Microsoft SQL Server\100\DTS\Binn\;c:\Program Files (x86)\Microsoft SQL Server\100\Tools\Binn\VSShell\Common7\IDE\;c:\Program Files (x86)\Microsoft SQL Server\100\DTS\Binn\;C:\Program Files (x86)\Common Files\Adobe\AGL;C:\Program Files (x86)\QuickTime\QTSystem\;C:\Program Files\MATLAB\R2010a\runtime\win64;C:\Program Files\MATLAB\R2010a\bin;C:\Program Files\Microsoft\Web Platform Installer\;C:\Program Files (x86)\Windows Live\Shared;C:\Program Files (x86)\Git\cmd;c:\Program Files (x86)\Microsoft ASP.NET\ASP.NET Web Pages\v1.0\]
21:11:39 **** Auto Build of configuration Default for project OpenCV Sample - face-detection ****
"\\ndk-build.cmd" 
Cannot run program "\ndk-build.cmd": Launching failed

Error: Program "\ndk-build.cmd" not found in PATH
PATH=[C:\Program Files\Common Files\Microsoft Shared\Windows Live;C:\Program Files (x86)\Common Files\Microsoft Shared\Windows Live;C:\WinAVR-20100110\bin;C:\WinAVR-20100110\utils\bin;C:\oraclexe\app\oracle\product\11.2.0\server\bin;C:\Windows\system32;C:\Windows;C:\Windows\System32\Wbem;C:\Windows\System32\WindowsPowerShell\v1.0\;c:\Program Files (x86)\Microsoft SQL Server\90\Tools\binn\;c:\Program Files (x86)\Microsoft SQL Server\100\Tools\Binn\;c:\Program Files\Microsoft SQL Server\100\Tools\Binn\;c:\Program Files\Microsoft SQL Server\100\DTS\Binn\;c:\Program Files (x86)\Microsoft SQL Server\100\Tools\Binn\VSShell\Common7\IDE\;c:\Program Files (x86)\Microsoft SQL Server\100\DTS\Binn\;C:\Program Files (x86)\Common Files\Adobe\AGL;C:\Program Files (x86)\QuickTime\QTSystem\;C:\Program Files\MATLAB\R2010a\runtime\win64;C:\Program Files\MATLAB\R2010a\bin;C:\Program Files\Microsoft\Web Platform Installer\;C:\Program Files (x86)\Windows Live\Shared;C:\Program Files (x86)\Git\cmd;c:\Program Files (x86)\Microsoft ASP.NET\ASP.NET Web Pages\v1.0\]
21:11:40 **** Auto Build of configuration Default for project OpenCV Tutorial 3 - Add Native OpenCV ****
"\\ndk-build.cmd" 
Cannot run program "\ndk-build.cmd": Launching failed

Error: Program "\ndk-build.cmd" not found in PATH
PATH=[C:\Program Files\Common Files\Microsoft Shared\Windows Live;C:\Program Files (x86)\Common Files\Microsoft Shared\Windows Live;C:\WinAVR-20100110\bin;C:\WinAVR-20100110\utils\bin;C:\oraclexe\app\oracle\product\11.2.0\server\bin;C:\Windows\system32;C:\Windows;C:\Windows\System32\Wbem;C:\Windows\System32\WindowsPowerShell\v1.0\;c:\Program Files (x86)\Microsoft SQL Server\90\Tools\binn\;c:\Program Files (x86)\Microsoft SQL Server\100\Tools\Binn\;c:\Program Files\Microsoft SQL Server\100\Tools\Binn\;c:\Program Files\Microsoft SQL Server\100\DTS\Binn\;c:\Program Files (x86)\Microsoft SQL Server\100\Tools\Binn\VSShell\Common7\IDE\;c:\Program Files (x86)\Microsoft SQL Server\100\DTS\Binn\;C:\Program Files (x86)\Common Files\Adobe\AGL;C:\Program Files (x86)\QuickTime\QTSystem\;C:\Program Files\MATLAB\R2010a\runtime\win64;C:\Program Files\MATLAB\R2010a\bin;C:\Program Files\Microsoft\Web Platform Installer\;C:\Program Files (x86)\Windows Live\Shared;C:\Program Files (x86)\Git\cmd;c:\Program Files (x86)\Microsoft ASP.NET\ASP.NET Web Pages\v1.0\]
21:11:40 **** Auto Build of configuration Default for project OpenCV Tutorial 4 - Mix Java+Native OpenCV ****
"\\ndk-build.cmd" 
Cannot run program "\ndk-build.cmd": Launching failed

Error: Program "\ndk-build.cmd" not found in PATH
PATH=[C:\Program Files\Common Files\Microsoft Shared\Windows Live;C:\Program Files (x86)\Common Files\Microsoft Shared\Windows Live;C:\WinAVR-20100110\bin;C:\WinAVR-20100110\utils\bin;C:\oraclexe\app\oracle\product\11.2.0\server\bin;C:\Windows\system32;C:\Windows;C:\Windows\System32\Wbem;C:\Windows\System32\WindowsPowerShell\v1.0\;c:\Program Files (x86)\Microsoft SQL Server\90\Tools\binn\;c:\Program Files (x86)\Microsoft SQL Server\100\Tools\Binn\;c:\Program Files\Microsoft SQL Server\100\Tools\Binn\;c:\Program Files\Microsoft SQL Server\100\DTS\Binn\;c:\Program Files (x86)\Microsoft SQL Server\100\Tools\Binn\VSShell\Common7\IDE\;c:\Program Files (x86)\Microsoft SQL Server\100\DTS\Binn\;C:\Program Files (x86)\Common Files\Adobe\AGL;C:\Program Files (x86)\QuickTime\QTSystem\;C:\Program Files\MATLAB\R2010a\runtime\win64;C:\Program Files\MATLAB\R2010a\bin;C:\Program Files\Microsoft\Web Platform Installer\;C:\Program Files (x86)\Windows Live\Shared;C:\Program Files (x86)\Git\cmd;c:\Program Files (x86)\Microsoft ASP.NET\ASP.NET Web Pages\v1.0\]
21:11:43 **** Auto Build of configuration Default for project OpenCV Sample - face-detection ****
"\\ndk-build.cmd" 
Cannot run program "\ndk-build.cmd": Launching failed

Error: Program "\ndk-build.cmd" not found in PATH
PATH=[C:\Program Files\Common Files\Microsoft Shared\Windows Live;C:\Program Files (x86)\Common Files\Microsoft Shared\Windows Live;C:\WinAVR-20100110\bin;C:\WinAVR-20100110\utils\bin;C:\oraclexe\app\oracle\product\11.2.0\server\bin;C:\Windows\system32;C:\Windows;C:\Windows\System32\Wbem;C:\Windows\System32\WindowsPowerShell\v1.0\;c:\Program Files (x86)\Microsoft SQL Server\90\Tools\binn\;c:\Program Files (x86)\Microsoft SQL Server\100\Tools\Binn\;c:\Program Files\Microsoft SQL Server\100\Tools\Binn\;c:\Program Files\Microsoft SQL Server\100\DTS\Binn\;c:\Program Files (x86)\Microsoft SQL Server\100\Tools\Binn\VSShell\Common7\IDE\;c:\Program Files (x86)\Microsoft SQL Server\100\DTS\Binn\;C:\Program Files (x86)\Common Files\Adobe\AGL;C:\Program Files (x86)\QuickTime\QTSystem\;C:\Program Files\MATLAB\R2010a\runtime\win64;C:\Program Files\MATLAB\R2010a\bin;C:\Program Files\Microsoft\Web Platform Installer\;C:\Program Files (x86)\Windows Live\Shared;C:\Program Files (x86)\Git\cmd;c:\Program Files (x86)\Microsoft ASP.NET\ASP.NET Web Pages\v1.0\]
21:11:43 **** Auto Build of configuration Default for project OpenCV Tutorial 3 - Add Native OpenCV ****
"\\ndk-build.cmd" 
Cannot run program "\ndk-build.cmd": Launching failed

Error: Program "\ndk-build.cmd" not found in PATH
PATH=[C:\Program Files\Common Files\Microsoft Shared\Windows Live;C:\Program Files (x86)\Common Files\Microsoft Shared\Windows Live;C:\WinAVR-20100110\bin;C:\WinAVR-20100110\utils\bin;C:\oraclexe\app\oracle\product\11.2.0\server\bin;C:\Windows\system32;C:\Windows;C:\Windows\System32\Wbem;C:\Windows\System32\WindowsPowerShell\v1.0\;c:\Program Files (x86)\Microsoft SQL Server\90\Tools\binn\;c:\Program Files (x86)\Microsoft SQL Server\100\Tools\Binn\;c:\Program Files\Microsoft SQL Server\100\Tools\Binn\;c:\Program Files\Microsoft SQL Server\100\DTS\Binn\;c:\Program Files (x86)\Microsoft SQL Server\100\Tools\Binn\VSShell\Common7\IDE\;c:\Program Files (x86)\Microsoft SQL Server\100\DTS\Binn\;C:\Program Files (x86)\Common Files\Adobe\AGL;C:\Program Files (x86)\QuickTime\QTSystem\;C:\Program Files\MATLAB\R2010a\runtime\win64;C:\Program Files\MATLAB\R2010a\bin;C:\Program Files\Microsoft\Web Platform Installer\;C:\Program Files (x86)\Windows Live\Shared;C:\Program Files (x86)\Git\cmd;c:\Program Files (x86)\Microsoft ASP.NET\ASP.NET Web Pages\v1.0\]
21:11:44 **** Auto Build of configuration Default for project OpenCV Tutorial 4 - Mix Java+Native OpenCV ****
"\\ndk-build.cmd" 
Cannot run program "\ndk-build.cmd": Launching failed

Error: Program "\ndk-build.cmd" not found in PATH
PATH=[C:\Program Files\Common Files\Microsoft Shared\Windows Live;C:\Program Files (x86)\Common Files\Microsoft Shared\Windows Live;C:\WinAVR-20100110\bin;C:\WinAVR-20100110\utils\bin;C:\oraclexe\app\oracle\product\11.2.0\server\bin;C:\Windows\system32;C:\Windows;C:\Windows\System32\Wbem;C:\Windows\System32\WindowsPowerShell\v1.0\;c:\Program Files (x86)\Microsoft SQL Server\90\Tools\binn\;c:\Program Files (x86)\Microsoft SQL Server\100\Tools\Binn\;c:\Program Files\Microsoft SQL Server\100\Tools\Binn\;c:\Program Files\Microsoft SQL Server\100\DTS\Binn\;c:\Program Files (x86)\Microsoft SQL Server\100\Tools\Binn\VSShell\Common7\IDE\;c:\Program Files (x86)\Microsoft SQL Server\100\DTS\Binn\;C:\Program Files (x86)\Common Files\Adobe\AGL;C:\Program Files (x86)\QuickTime\QTSystem\;C:\Program Files\MATLAB\R2010a\runtime\win64;C:\Program Files\MATLAB\R2010a\bin;C:\Program Files\Microsoft\Web Platform Installer\;C:\Program Files (x86)\Windows Live\Shared;C:\Program Files (x86)\Git\cmd;c:\Program Files (x86)\Microsoft ASP.NET\ASP.NET Web Pages\v1.0\]
21:11:45 **** Auto Build of configuration Default for project OpenCV Sample - face-detection ****
"\\ndk-build.cmd" 
Cannot run program "\ndk-build.cmd": Launching failed

Error: Program "\ndk-build.cmd" not found in PATH
PATH=[C:\Program Files\Common Files\Microsoft Shared\Windows Live;C:\Program Files (x86)\Common Files\Microsoft Shared\Windows Live;C:\WinAVR-20100110\bin;C:\WinAVR-20100110\utils\bin;C:\oraclexe\app\oracle\product\11.2.0\server\bin;C:\Windows\system32;C:\Windows;C:\Windows\System32\Wbem;C:\Windows\System32\WindowsPowerShell\v1.0\;c:\Program Files (x86)\Microsoft SQL Server\90\Tools\binn\;c:\Program Files (x86)\Microsoft SQL Server\100\Tools\Binn\;c:\Program Files\Microsoft SQL Server\100\Tools\Binn\;c:\Program Files\Microsoft SQL Server\100\DTS\Binn\;c:\Program Files (x86)\Microsoft SQL Server\100\Tools\Binn\VSShell\Common7\IDE\;c:\Program Files (x86)\Microsoft SQL Server\100\DTS\Binn\;C:\Program Files (x86)\Common Files\Adobe\AGL;C:\Program Files (x86)\QuickTime\QTSystem\;C:\Program Files\MATLAB\R2010a\runtime\win64;C:\Program Files\MATLAB\R2010a\bin;C:\Program Files\Microsoft\Web Platform Installer\;C:\Program Files (x86)\Windows Live\Shared;C:\Program Files (x86)\Git\cmd;c:\Program Files (x86)\Microsoft ASP.NET\ASP.NET Web Pages\v1.0\]
21:11:46 **** Auto Build of configuration Default for project OpenCV Tutorial 3 - Add Native OpenCV ****
"\\ndk-build.cmd" 
Cannot run program "\ndk-build.cmd": Launching failed

Error: Program "\ndk-build.cmd" not found in PATH
PATH=[C:\Program Files\Common Files\Microsoft Shared\Windows Live;C:\Program Files (x86)\Common Files\Microsoft Shared\Windows Live;C:\WinAVR-20100110\bin;C:\WinAVR-20100110\utils\bin;C:\oraclexe\app\oracle\product\11.2.0\server\bin;C:\Windows\system32;C:\Windows;C:\Windows\System32\Wbem;C:\Windows\System32\WindowsPowerShell\v1.0\;c:\Program Files (x86)\Microsoft SQL Server\90\Tools\binn\;c:\Program Files (x86)\Microsoft SQL Server\100\Tools\Binn\;c:\Program Files\Microsoft SQL Server\100\Tools\Binn\;c:\Program Files\Microsoft SQL Server\100\DTS\Binn\;c:\Program Files (x86)\Microsoft SQL Server\100\Tools\Binn\VSShell\Common7\IDE\;c:\Program Files (x86)\Microsoft SQL Server\100\DTS\Binn\;C:\Program Files (x86)\Common Files\Adobe\AGL;C:\Program Files (x86)\QuickTime\QTSystem\;C:\Program Files\MATLAB\R2010a\runtime\win64;C:\Program Files\MATLAB\R2010a\bin;C:\Program Files\Microsoft\Web Platform Installer\;C:\Program Files (x86)\Windows Live\Shared;C:\Program Files (x86)\Git\cmd;c:\Program Files (x86)\Microsoft ASP.NET\ASP.NET Web Pages\v1.0\]
21:11:46 **** Auto Build of configuration Default for project OpenCV Tutorial 4 - Mix Java+Native OpenCV ****
"\\ndk-build.cmd" 
Cannot run program "\ndk-build.cmd": Launching failed

Error: Program "\ndk-build.cmd" not found in PATH
PATH=[C:\Program Files\Common Files\Microsoft Shared\Windows Live;C:\Program Files (x86)\Common Files\Microsoft Shared\Windows Live;C:\WinAVR-20100110\bin;C:\WinAVR-20100110\utils\bin;C:\oraclexe\app\oracle\product\11.2.0\server\bin;C:\Windows\system32;C:\Windows;C:\Windows\System32\Wbem;C:\Windows\System32\WindowsPowerShell\v1.0\;c:\Program Files (x86)\Microsoft SQL Server\90\Tools\binn\;c:\Program Files (x86)\Microsoft SQL Server\100\Tools\Binn\;c:\Program Files\Microsoft SQL Server\100\Tools\Binn\;c:\Program Files\Microsoft SQL Server\100\DTS\Binn\;c:\Program Files (x86)\Microsoft SQL Server\100\Tools\Binn\VSShell\Common7\IDE\;c:\Program Files (x86)\Microsoft SQL Server\100\DTS\Binn\;C:\Program Files (x86)\Common Files\Adobe\AGL;C:\Program Files (x86)\QuickTime\QTSystem\;C:\Program Files\MATLAB\R2010a\runtime\win64;C:\Program Files\MATLAB\R2010a\bin;C:\Program Files\Microsoft\Web Platform Installer\;C:\Program Files (x86)\Windows Live\Shared;C:\Program Files (x86)\Git\cmd;c:\Program Files (x86)\Microsoft ASP.NET\ASP.NET Web Pages\v1.0\]
21:12:43 **** Auto Build of configuration Default for project OpenCV Sample - face-detection ****
"\\ndk-build.cmd" 
Cannot run program "\ndk-build.cmd": Launching failed

Error: Program "\ndk-build.cmd" not found in PATH
PATH=[C:\Program Files\Common Files\Microsoft Shared\Windows Live;C:\Program Files (x86)\Common Files\Microsoft Shared\Windows Live;C:\WinAVR-20100110\bin;C:\WinAVR-20100110\utils\bin;C:\oraclexe\app\oracle\product\11.2.0\server\bin;C:\Windows\system32;C:\Windows;C:\Windows\System32\Wbem;C:\Windows\System32\WindowsPowerShell\v1.0\;c:\Program Files (x86)\Microsoft SQL Server\90\Tools\binn\;c:\Program Files (x86)\Microsoft SQL Server\100\Tools\Binn\;c:\Program Files\Microsoft SQL Server\100\Tools\Binn\;c:\Program Files\Microsoft SQL Server\100\DTS\Binn\;c:\Program Files (x86)\Microsoft SQL Server\100\Tools\Binn\VSShell\Common7\IDE\;c:\Program Files (x86)\Microsoft SQL Server\100\DTS\Binn\;C:\Program Files (x86)\Common Files\Adobe\AGL;C:\Program Files (x86)\QuickTime\QTSystem\;C:\Program Files\MATLAB\R2010a\runtime\win64;C:\Program Files\MATLAB\R2010a\bin;C:\Program Files\Microsoft\Web Platform Installer\;C:\Program Files (x86)\Windows Live\Shared;C:\Program Files (x86)\Git\cmd;c:\Program Files (x86)\Microsoft ASP.NET\ASP.NET Web Pages\v1.0\]
21:12:43 **** Auto Build of configuration Default for project OpenCV Tutorial 3 - Add Native OpenCV ****
"\\ndk-build.cmd" 
Cannot run program "\ndk-build.cmd": Launching failed

Error: Program "\ndk-build.cmd" not found in PATH
PATH=[C:\Program Files\Common Files\Microsoft Shared\Windows Live;C:\Program Files (x86)\Common Files\Microsoft Shared\Windows Live;C:\WinAVR-20100110\bin;C:\WinAVR-20100110\utils\bin;C:\oraclexe\app\oracle\product\11.2.0\server\bin;C:\Windows\system32;C:\Windows;C:\Windows\System32\Wbem;C:\Windows\System32\WindowsPowerShell\v1.0\;c:\Program Files (x86)\Microsoft SQL Server\90\Tools\binn\;c:\Program Files (x86)\Microsoft SQL Server\100\Tools\Binn\;c:\Program Files\Microsoft SQL Server\100\Tools\Binn\;c:\Program Files\Microsoft SQL Server\100\DTS\Binn\;c:\Program Files (x86)\Microsoft SQL Server\100\Tools\Binn\VSShell\Common7\IDE\;c:\Program Files (x86)\Microsoft SQL Server\100\DTS\Binn\;C:\Program Files (x86)\Common Files\Adobe\AGL;C:\Program Files (x86)\QuickTime\QTSystem\;C:\Program Files\MATLAB\R2010a\runtime\win64;C:\Program Files\MATLAB\R2010a\bin;C:\Program Files\Microsoft\Web Platform Installer\;C:\Program Files (x86)\Windows Live\Shared;C:\Program Files (x86)\Git\cmd;c:\Program Files (x86)\Microsoft ASP.NET\ASP.NET Web Pages\v1.0\]
21:12:44 **** Auto Build of configuration Default for project OpenCV Tutorial 4 - Mix Java+Native OpenCV ****
"\\ndk-build.cmd" 
Cannot run program "\ndk-build.cmd": Launching failed

Error: Program "\ndk-build.cmd" not found in PATH
PATH=[C:\Program Files\Common Files\Microsoft Shared\Windows Live;C:\Program Files (x86)\Common Files\Microsoft Shared\Windows Live;C:\WinAVR-20100110\bin;C:\WinAVR-20100110\utils\bin;C:\oraclexe\app\oracle\product\11.2.0\server\bin;C:\Windows\system32;C:\Windows;C:\Windows\System32\Wbem;C:\Windows\System32\WindowsPowerShell\v1.0\;c:\Program Files (x86)\Microsoft SQL Server\90\Tools\binn\;c:\Program Files (x86)\Microsoft SQL Server\100\Tools\Binn\;c:\Program Files\Microsoft SQL Server\100\Tools\Binn\;c:\Program Files\Microsoft SQL Server\100\DTS\Binn\;c:\Program Files (x86)\Microsoft SQL Server\100\Tools\Binn\VSShell\Common7\IDE\;c:\Program Files (x86)\Microsoft SQL Server\100\DTS\Binn\;C:\Program Files (x86)\Common Files\Adobe\AGL;C:\Program Files (x86)\QuickTime\QTSystem\;C:\Program Files\MATLAB\R2010a\runtime\win64;C:\Program Files\MATLAB\R2010a\bin;C:\Program Files\Microsoft\Web Platform Installer\;C:\Program Files (x86)\Windows Live\Shared;C:\Program Files (x86)\Git\cmd;c:\Program Files (x86)\Microsoft ASP.NET\ASP.NET Web Pages\v1.0\]
15:56:04 **** Build of configuration Default for project OpenCV Sample - face-detection ****
"\\ndk-build.cmd" 
Cannot run program "\ndk-build.cmd": Launching failed

Error: Program "\ndk-build.cmd" not found in PATH
PATH=[C:\Program Files\Common Files\Microsoft Shared\Windows Live;C:\Program Files (x86)\Common Files\Microsoft Shared\Windows Live;C:\WinAVR-20100110\bin;C:\WinAVR-20100110\utils\bin;C:\oraclexe\app\oracle\product\11.2.0\server\bin;C:\Windows\system32;C:\Windows;C:\Windows\System32\Wbem;C:\Windows\System32\WindowsPowerShell\v1.0\;c:\Program Files (x86)\Microsoft SQL Server\90\Tools\binn\;c:\Program Files (x86)\Microsoft SQL Server\100\Tools\Binn\;c:\Program Files\Microsoft SQL Server\100\Tools\Binn\;c:\Program Files\Microsoft SQL Server\100\DTS\Binn\;c:\Program Files (x86)\Microsoft SQL Server\100\Tools\Binn\VSShell\Common7\IDE\;c:\Program Files (x86)\Microsoft SQL Server\100\DTS\Binn\;C:\Program Files (x86)\Common Files\Adobe\AGL;C:\Program Files (x86)\QuickTime\QTSystem\;C:\Program Files\MATLAB\R2010a\runtime\win64;C:\Program Files\MATLAB\R2010a\bin;C:\Program Files\Microsoft\Web Platform Installer\;C:\Program Files (x86)\Windows Live\Shared;C:\Program Files (x86)\Git\cmd;c:\Program Files (x86)\Microsoft ASP.NET\ASP.NET Web Pages\v1.0\]
15:56:05 **** Build of configuration Default for project OpenCV Tutorial 4 - Mix Java+Native OpenCV ****
"\\ndk-build.cmd" 
Cannot run program "\ndk-build.cmd": Launching failed

Error: Program "\ndk-build.cmd" not found in PATH
PATH=[C:\Program Files\Common Files\Microsoft Shared\Windows Live;C:\Program Files (x86)\Common Files\Microsoft Shared\Windows Live;C:\WinAVR-20100110\bin;C:\WinAVR-20100110\utils\bin;C:\oraclexe\app\oracle\product\11.2.0\server\bin;C:\Windows\system32;C:\Windows;C:\Windows\System32\Wbem;C:\Windows\System32\WindowsPowerShell\v1.0\;c:\Program Files (x86)\Microsoft SQL Server\90\Tools\binn\;c:\Program Files (x86)\Microsoft SQL Server\100\Tools\Binn\;c:\Program Files\Microsoft SQL Server\100\Tools\Binn\;c:\Program Files\Microsoft SQL Server\100\DTS\Binn\;c:\Program Files (x86)\Microsoft SQL Server\100\Tools\Binn\VSShell\Common7\IDE\;c:\Program Files (x86)\Microsoft SQL Server\100\DTS\Binn\;C:\Program Files (x86)\Common Files\Adobe\AGL;C:\Program Files (x86)\QuickTime\QTSystem\;C:\Program Files\MATLAB\R2010a\runtime\win64;C:\Program Files\MATLAB\R2010a\bin;C:\Program Files\Microsoft\Web Platform Installer\;C:\Program Files (x86)\Windows Live\Shared;C:\Program Files (x86)\Git\cmd;c:\Program Files (x86)\Microsoft ASP.NET\ASP.NET Web Pages\v1.0\]
15:56:06 **** Build of configuration Default for project OpenCV Tutorial 3 - Add Native OpenCV ****
"\\ndk-build.cmd" 
Cannot run program "\ndk-build.cmd": Launching failed

Error: Program "\ndk-build.cmd" not found in PATH
PATH=[C:\Program Files\Common Files\Microsoft Shared\Windows Live;C:\Program Files (x86)\Common Files\Microsoft Shared\Windows Live;C:\WinAVR-20100110\bin;C:\WinAVR-20100110\utils\bin;C:\oraclexe\app\oracle\product\11.2.0\server\bin;C:\Windows\system32;C:\Windows;C:\Windows\System32\Wbem;C:\Windows\System32\WindowsPowerShell\v1.0\;c:\Program Files (x86)\Microsoft SQL Server\90\Tools\binn\;c:\Program Files (x86)\Microsoft SQL Server\100\Tools\Binn\;c:\Program Files\Microsoft SQL Server\100\Tools\Binn\;c:\Program Files\Microsoft SQL Server\100\DTS\Binn\;c:\Program Files (x86)\Microsoft SQL Server\100\Tools\Binn\VSShell\Common7\IDE\;c:\Program Files (x86)\Microsoft SQL Server\100\DTS\Binn\;C:\Program Files (x86)\Common Files\Adobe\AGL;C:\Program Files (x86)\QuickTime\QTSystem\;C:\Program Files\MATLAB\R2010a\runtime\win64;C:\Program Files\MATLAB\R2010a\bin;C:\Program Files\Microsoft\Web Platform Installer\;C:\Program Files (x86)\Windows Live\Shared;C:\Program Files (x86)\Git\cmd;c:\Program Files (x86)\Microsoft ASP.NET\ASP.NET Web Pages\v1.0\]
15:56:07 **** Auto Build of configuration Default for project OpenCV Sample - face-detection ****
"\\ndk-build.cmd" 
Cannot run program "\ndk-build.cmd": Launching failed

Error: Program "\ndk-build.cmd" not found in PATH
PATH=[C:\Program Files\Common Files\Microsoft Shared\Windows Live;C:\Program Files (x86)\Common Files\Microsoft Shared\Windows Live;C:\WinAVR-20100110\bin;C:\WinAVR-20100110\utils\bin;C:\oraclexe\app\oracle\product\11.2.0\server\bin;C:\Windows\system32;C:\Windows;C:\Windows\System32\Wbem;C:\Windows\System32\WindowsPowerShell\v1.0\;c:\Program Files (x86)\Microsoft SQL Server\90\Tools\binn\;c:\Program Files (x86)\Microsoft SQL Server\100\Tools\Binn\;c:\Program Files\Microsoft SQL Server\100\Tools\Binn\;c:\Program Files\Microsoft SQL Server\100\DTS\Binn\;c:\Program Files (x86)\Microsoft SQL Server\100\Tools\Binn\VSShell\Common7\IDE\;c:\Program Files (x86)\Microsoft SQL Server\100\DTS\Binn\;C:\Program Files (x86)\Common Files\Adobe\AGL;C:\Program Files (x86)\QuickTime\QTSystem\;C:\Program Files\MATLAB\R2010a\runtime\win64;C:\Program Files\MATLAB\R2010a\bin;C:\Program Files\Microsoft\Web Platform Installer\;C:\Program Files (x86)\Windows Live\Shared;C:\Program Files (x86)\Git\cmd;c:\Program Files (x86)\Microsoft ASP.NET\ASP.NET Web Pages\v1.0\]
15:56:07 **** Auto Build of configuration Default for project OpenCV Tutorial 3 - Add Native OpenCV ****
"\\ndk-build.cmd" 
Cannot run program "\ndk-build.cmd": Launching failed

Error: Program "\ndk-build.cmd" not found in PATH
PATH=[C:\Program Files\Common Files\Microsoft Shared\Windows Live;C:\Program Files (x86)\Common Files\Microsoft Shared\Windows Live;C:\WinAVR-20100110\bin;C:\WinAVR-20100110\utils\bin;C:\oraclexe\app\oracle\product\11.2.0\server\bin;C:\Windows\system32;C:\Windows;C:\Windows\System32\Wbem;C:\Windows\System32\WindowsPowerShell\v1.0\;c:\Program Files (x86)\Microsoft SQL Server\90\Tools\binn\;c:\Program Files (x86)\Microsoft SQL Server\100\Tools\Binn\;c:\Program Files\Microsoft SQL Server\100\Tools\Binn\;c:\Program Files\Microsoft SQL Server\100\DTS\Binn\;c:\Program Files (x86)\Microsoft SQL Server\100\Tools\Binn\VSShell\Common7\IDE\;c:\Program Files (x86)\Microsoft SQL Server\100\DTS\Binn\;C:\Program Files (x86)\Common Files\Adobe\AGL;C:\Program Files (x86)\QuickTime\QTSystem\;C:\Program Files\MATLAB\R2010a\runtime\win64;C:\Program Files\MATLAB\R2010a\bin;C:\Program Files\Microsoft\Web Platform Installer\;C:\Program Files (x86)\Windows Live\Shared;C:\Program Files (x86)\Git\cmd;c:\Program Files (x86)\Microsoft ASP.NET\ASP.NET Web Pages\v1.0\]
15:56:08 **** Auto Build of configuration Default for project OpenCV Tutorial 4 - Mix Java+Native OpenCV ****
"\\ndk-build.cmd" 
Cannot run program "\ndk-build.cmd": Launching failed

Error: Program "\ndk-build.cmd" not found in PATH
PATH=[C:\Program Files\Common Files\Microsoft Shared\Windows Live;C:\Program Files (x86)\Common Files\Microsoft Shared\Windows Live;C:\WinAVR-20100110\bin;C:\WinAVR-20100110\utils\bin;C:\oraclexe\app\oracle\product\11.2.0\server\bin;C:\Windows\system32;C:\Windows;C:\Windows\System32\Wbem;C:\Windows\System32\WindowsPowerShell\v1.0\;c:\Program Files (x86)\Microsoft SQL Server\90\Tools\binn\;c:\Program Files (x86)\Microsoft SQL Server\100\Tools\Binn\;c:\Program Files\Microsoft SQL Server\100\Tools\Binn\;c:\Program Files\Microsoft SQL Server\100\DTS\Binn\;c:\Program Files (x86)\Microsoft SQL Server\100\Tools\Binn\VSShell\Common7\IDE\;c:\Program Files (x86)\Microsoft SQL Server\100\DTS\Binn\;C:\Program Files (x86)\Common Files\Adobe\AGL;C:\Program Files (x86)\QuickTime\QTSystem\;C:\Program Files\MATLAB\R2010a\runtime\win64;C:\Program Files\MATLAB\R2010a\bin;C:\Program Files\Microsoft\Web Platform Installer\;C:\Program Files (x86)\Windows Live\Shared;C:\Program Files (x86)\Git\cmd;c:\Program Files (x86)\Microsoft ASP.NET\ASP.NET Web Pages\v1.0\]
15:56:14 **** Auto Build of configuration Default for project OpenCV Sample - face-detection ****
"\\ndk-build.cmd" 
Cannot run program "\ndk-build.cmd": Launching failed

Error: Program "\ndk-build.cmd" not found in PATH
PATH=[C:\Program Files\Common Files\Microsoft Shared\Windows Live;C:\Program Files (x86)\Common Files\Microsoft Shared\Windows Live;C:\WinAVR-20100110\bin;C:\WinAVR-20100110\utils\bin;C:\oraclexe\app\oracle\product\11.2.0\server\bin;C:\Windows\system32;C:\Windows;C:\Windows\System32\Wbem;C:\Windows\System32\WindowsPowerShell\v1.0\;c:\Program Files (x86)\Microsoft SQL Server\90\Tools\binn\;c:\Program Files (x86)\Microsoft SQL Server\100\Tools\Binn\;c:\Program Files\Microsoft SQL Server\100\Tools\Binn\;c:\Program Files\Microsoft SQL Server\100\DTS\Binn\;c:\Program Files (x86)\Microsoft SQL Server\100\Tools\Binn\VSShell\Common7\IDE\;c:\Program Files (x86)\Microsoft SQL Server\100\DTS\Binn\;C:\Program Files (x86)\Common Files\Adobe\AGL;C:\Program Files (x86)\QuickTime\QTSystem\;C:\Program Files\MATLAB\R2010a\runtime\win64;C:\Program Files\MATLAB\R2010a\bin;C:\Program Files\Microsoft\Web Platform Installer\;C:\Program Files (x86)\Windows Live\Shared;C:\Program Files (x86)\Git\cmd;c:\Program Files (x86)\Microsoft ASP.NET\ASP.NET Web Pages\v1.0\]
15:56:14 **** Auto Build of configuration Default for project OpenCV Tutorial 3 - Add Native OpenCV ****
"\\ndk-build.cmd" 
Cannot run program "\ndk-build.cmd": Launching failed

Error: Program "\ndk-build.cmd" not found in PATH
PATH=[C:\Program Files\Common Files\Microsoft Shared\Windows Live;C:\Program Files (x86)\Common Files\Microsoft Shared\Windows Live;C:\WinAVR-20100110\bin;C:\WinAVR-20100110\utils\bin;C:\oraclexe\app\oracle\product\11.2.0\server\bin;C:\Windows\system32;C:\Windows;C:\Windows\System32\Wbem;C:\Windows\System32\WindowsPowerShell\v1.0\;c:\Program Files (x86)\Microsoft SQL Server\90\Tools\binn\;c:\Program Files (x86)\Microsoft SQL Server\100\Tools\Binn\;c:\Program Files\Microsoft SQL Server\100\Tools\Binn\;c:\Program Files\Microsoft SQL Server\100\DTS\Binn\;c:\Program Files (x86)\Microsoft SQL Server\100\Tools\Binn\VSShell\Common7\IDE\;c:\Program Files (x86)\Microsoft SQL Server\100\DTS\Binn\;C:\Program Files (x86)\Common Files\Adobe\AGL;C:\Program Files (x86)\QuickTime\QTSystem\;C:\Program Files\MATLAB\R2010a\runtime\win64;C:\Program Files\MATLAB\R2010a\bin;C:\Program Files\Microsoft\Web Platform Installer\;C:\Program Files (x86)\Windows Live\Shared;C:\Program Files (x86)\Git\cmd;c:\Program Files (x86)\Microsoft ASP.NET\ASP.NET Web Pages\v1.0\]
15:56:14 **** Auto Build of configuration Default for project OpenCV Tutorial 4 - Mix Java+Native OpenCV ****
"\\ndk-build.cmd" 
Cannot run program "\ndk-build.cmd": Launching failed

Error: Program "\ndk-build.cmd" not found in PATH
PATH=[C:\Program Files\Common Files\Microsoft Shared\Windows Live;C:\Program Files (x86)\Common Files\Microsoft Shared\Windows Live;C:\WinAVR-20100110\bin;C:\WinAVR-20100110\utils\bin;C:\oraclexe\app\oracle\product\11.2.0\server\bin;C:\Windows\system32;C:\Windows;C:\Windows\System32\Wbem;C:\Windows\System32\WindowsPowerShell\v1.0\;c:\Program Files (x86)\Microsoft SQL Server\90\Tools\binn\;c:\Program Files (x86)\Microsoft SQL Server\100\Tools\Binn\;c:\Program Files\Microsoft SQL Server\100\Tools\Binn\;c:\Program Files\Microsoft SQL Server\100\DTS\Binn\;c:\Program Files (x86)\Microsoft SQL Server\100\Tools\Binn\VSShell\Common7\IDE\;c:\Program Files (x86)\Microsoft SQL Server\100\DTS\Binn\;C:\Program Files (x86)\Common Files\Adobe\AGL;C:\Program Files (x86)\QuickTime\QTSystem\;C:\Program Files\MATLAB\R2010a\runtime\win64;C:\Program Files\MATLAB\R2010a\bin;C:\Program Files\Microsoft\Web Platform Installer\;C:\Program Files (x86)\Windows Live\Shared;C:\Program Files (x86)\Git\cmd;c:\Program Files (x86)\Microsoft ASP.NET\ASP.NET Web Pages\v1.0\]
